<?xml version="1.0" encoding="UTF-8"?>
<testsuite xmlns:xsi="http://www.w3.org/2001/XMLSchema-instance" xsi:noNamespaceSchemaLocation="https://maven.apache.org/surefire/maven-surefire-plugin/xsd/surefire-test-report-3.0.xsd" version="3.0" name="com.cs.SpringDemo.SpringBootCrudExample2ApplicationTests" time="11.956" tests="1" errors="0" skipped="0" failures="0">
  <properties>
[...]
</properties>
  <testcase name="contextLoads" classname="com.cs.SpringDemo.SpringBootCrudExample2ApplicationTests" time="1.152">
    <system-out><![CDATA[17:17:41.162 [main] INFO org.springframework.test.context.support.AnnotationConfigContextLoaderUtils -- Could not detect default configuration classes for test class [com.cs.SpringDemo.SpringBootCrudExample2ApplicationTests]: SpringBootCrudExample2ApplicationTests does not declare any static, non-private, non-final, nested classes annotated with @Configuration.
17:17:41.419 [main] INFO org.springframework.boot.test.context.SpringBootTestContextBootstrapper -- Found @SpringBootConfiguration com.cs.SpringDemo.SpringBootCrudExample2Application for test class com.cs.SpringDemo.SpringBootCrudExample2ApplicationTests

  .   ____          _            __ _ _
 /\\ / ___'_ __ _ _(_)_ __  __ _ \ \ \ \
( ( )\___ | '_ | '_| | '_ \/ _` | \ \ \ \
 \\/  ___)| |_)| | | | | || (_| |  ) ) ) )
  '  |____| .__|_| |_|_| |_\__, | / / / /
 =========|_|==============|___/=/_/_/_/
 :: Spring Boot ::       (v3.2.0-SNAPSHOT)

2023-10-04T17:17:42.354+02:00  INFO 18004 --- [           main] S.SpringBootCrudExample2ApplicationTests : Starting SpringBootCrudExample2ApplicationTests using Java 17.0.8 with PID 18004 (started by Admin in C:\Swarup_Work\spring_boot_demo)
2023-10-04T17:17:42.357+02:00  INFO 18004 --- [           main] S.SpringBootCrudExample2ApplicationTests : No active profile set, falling back to 1 default profile: "default"
2023-10-04T17:17:44.490+02:00  INFO 18004 --- [           main] .s.d.r.c.RepositoryConfigurationDelegate : Bootstrapping Spring Data JPA repositories in DEFAULT mode.
2023-10-04T17:17:44.629+02:00  INFO 18004 --- [           main] .s.d.r.c.RepositoryConfigurationDelegate : Finished Spring Data repository scanning in 121 ms. Found 1 JPA repository interfaces.
2023-10-04T17:17:45.762+02:00  INFO 18004 --- [           main] o.hibernate.jpa.internal.util.LogHelper  : HHH000204: Processing PersistenceUnitInfo [name: default]
2023-10-04T17:17:45.940+02:00  INFO 18004 --- [           main] org.hibernate.Version                    : HHH000412: Hibernate ORM core version 6.3.1.Final
2023-10-04T17:17:46.061+02:00  INFO 18004 --- [           main] o.h.c.internal.RegionFactoryInitiator    : HHH000026: Second-level cache disabled
2023-10-04T17:17:46.697+02:00  INFO 18004 --- [           main] o.s.o.j.p.SpringPersistenceUnitInfo      : No LoadTimeWeaver setup: ignoring JPA class transformer
2023-10-04T17:17:46.769+02:00  INFO 18004 --- [           main] com.zaxxer.hikari.HikariDataSource       : HikariPool-1 - Starting...
2023-10-04T17:17:47.742+02:00  INFO 18004 --- [           main] com.zaxxer.hikari.pool.HikariPool        : HikariPool-1 - Added connection com.mysql.cj.jdbc.ConnectionImpl@56b9d43f
2023-10-04T17:17:47.748+02:00  INFO 18004 --- [           main] com.zaxxer.hikari.HikariDataSource       : HikariPool-1 - Start completed.
2023-10-04T17:17:47.954+02:00  WARN 18004 --- [           main] org.hibernate.orm.deprecation            : HHH90000025: MySQLDialect does not need to be specified explicitly using 'hibernate.dialect' (remove the property setting and it will be selected by default)
2023-10-04T17:17:49.617+02:00  INFO 18004 --- [           main] o.h.e.t.j.p.i.JtaPlatformInitiator       : HHH000489: No JTA platform available (set 'hibernate.transaction.jta.platform' to enable JTA platform integration)
Hibernate: create table product (id integer not null, name varchar(255), price float(53) not null, quantity integer not null, primary key (id)) engine=InnoDB
Hibernate: create table product_seq (next_val bigint) engine=InnoDB
Hibernate: insert into product_seq values ( 1 )
2023-10-04T17:17:49.954+02:00  INFO 18004 --- [           main] j.LocalContainerEntityManagerFactoryBean : Initialized JPA EntityManagerFactory for persistence unit 'default'
2023-10-04T17:17:50.783+02:00  WARN 18004 --- [           main] JpaBaseConfiguration$JpaWebConfiguration : spring.jpa.open-in-view is enabled by default. Therefore, database queries may be performed during view rendering. Explicitly configure spring.jpa.open-in-view to disable this warning
2023-10-04T17:17:51.526+02:00  INFO 18004 --- [           main] S.SpringBootCrudExample2ApplicationTests : Started SpringBootCrudExample2ApplicationTests in 9.761 seconds (process running for 13.076)
]]></system-out>
  </testcase>
</testsuite>